{"C:\\Users\\leuti\\Desktop\\GitHub\\DigiBook\\src\\features\\cart\\contexts\\CartContext.tsx": {"path":"C:\\Users\\leuti\\Desktop\\GitHub\\DigiBook\\src\\features\\cart\\contexts\\CartContext.tsx","statementMap":{"0":{"start":{"line":24,"column":6},"end":{"line":24,"column":null}},"1":{"start":{"line":26,"column":69},"end":{"line":193,"column":null}},"2":{"start":{"line":27,"column":24},"end":{"line":29,"column":null}},"3":{"start":{"line":28,"column":8},"end":{"line":28,"column":null}},"4":{"start":{"line":30,"column":54},"end":{"line":30,"column":null}},"5":{"start":{"line":31,"column":36},"end":{"line":31,"column":null}},"6":{"start":{"line":32,"column":50},"end":{"line":32,"column":null}},"7":{"start":{"line":33,"column":17},"end":{"line":33,"column":null}},"8":{"start":{"line":36,"column":4},"end":{"line":38,"column":null}},"9":{"start":{"line":37,"column":8},"end":{"line":37,"column":null}},"10":{"start":{"line":41,"column":4},"end":{"line":53,"column":null}},"11":{"start":{"line":42,"column":30},"end":{"line":51,"column":null}},"12":{"start":{"line":43,"column":12},"end":{"line":49,"column":null}},"13":{"start":{"line":44,"column":34},"end":{"line":44,"column":null}},"14":{"start":{"line":45,"column":16},"end":{"line":48,"column":null}},"15":{"start":{"line":47,"column":20},"end":{"line":47,"column":null}},"16":{"start":{"line":50,"column":12},"end":{"line":50,"column":null}},"17":{"start":{"line":52,"column":8},"end":{"line":52,"column":null}},"18":{"start":{"line":56,"column":4},"end":{"line":60,"column":null}},"19":{"start":{"line":57,"column":8},"end":{"line":59,"column":null}},"20":{"start":{"line":58,"column":12},"end":{"line":58,"column":null}},"21":{"start":{"line":63,"column":4},"end":{"line":66,"column":null}},"22":{"start":{"line":64,"column":24},"end":{"line":64,"column":null}},"23":{"start":{"line":64,"column":41},"end":{"line":64,"column":48}},"24":{"start":{"line":65,"column":8},"end":{"line":65,"column":null}},"25":{"start":{"line":65,"column":39},"end":{"line":65,"column":78}},"26":{"start":{"line":65,"column":57},"end":{"line":65,"column":77}},"27":{"start":{"line":68,"column":10},"end":{"line":68,"column":null}},"28":{"start":{"line":68,"column":36},"end":{"line":68,"column":92}},"29":{"start":{"line":68,"column":65},"end":{"line":68,"column":88}},"30":{"start":{"line":70,"column":10},"end":{"line":72,"column":null}},"31":{"start":{"line":71,"column":8},"end":{"line":71,"column":null}},"32":{"start":{"line":71,"column":28},"end":{"line":71,"column":65}},"33":{"start":{"line":74,"column":10},"end":{"line":144,"column":null}},"34":{"start":{"line":76,"column":31},"end":{"line":76,"column":null}},"35":{"start":{"line":76,"column":49},"end":{"line":76,"column":68}},"36":{"start":{"line":77,"column":36},"end":{"line":77,"column":null}},"37":{"start":{"line":78,"column":36},"end":{"line":78,"column":null}},"38":{"start":{"line":81,"column":27},"end":{"line":81,"column":null}},"39":{"start":{"line":83,"column":8},"end":{"line":108,"column":null}},"40":{"start":{"line":84,"column":12},"end":{"line":106,"column":null}},"41":{"start":{"line":85,"column":16},"end":{"line":90,"column":null}},"42":{"start":{"line":91,"column":12},"end":{"line":106,"column":null}},"43":{"start":{"line":92,"column":16},"end":{"line":97,"column":null}},"44":{"start":{"line":99,"column":40},"end":{"line":99,"column":null}},"45":{"start":{"line":100,"column":16},"end":{"line":105,"column":null}},"46":{"start":{"line":107,"column":12},"end":{"line":107,"column":null}},"47":{"start":{"line":111,"column":8},"end":{"line":119,"column":null}},"48":{"start":{"line":112,"column":29},"end":{"line":112,"column":null}},"49":{"start":{"line":112,"column":47},"end":{"line":112,"column":66}},"50":{"start":{"line":113,"column":12},"end":{"line":117,"column":null}},"51":{"start":{"line":114,"column":16},"end":{"line":116,"column":null}},"52":{"start":{"line":115,"column":20},"end":{"line":115,"column":null}},"53":{"start":{"line":118,"column":12},"end":{"line":118,"column":null}},"54":{"start":{"line":122,"column":8},"end":{"line":131,"column":null}},"55":{"start":{"line":123,"column":29},"end":{"line":123,"column":null}},"56":{"start":{"line":124,"column":12},"end":{"line":130,"column":null}},"57":{"start":{"line":125,"column":29},"end":{"line":125,"column":null}},"58":{"start":{"line":126,"column":31},"end":{"line":126,"column":null}},"59":{"start":{"line":127,"column":16},"end":{"line":129,"column":null}},"60":{"start":{"line":134,"column":8},"end":{"line":134,"column":null}},"61":{"start":{"line":134,"column":39},"end":{"line":134,"column":89}},"62":{"start":{"line":136,"column":8},"end":{"line":141,"column":null}},"63":{"start":{"line":146,"column":10},"end":{"line":148,"column":null}},"64":{"start":{"line":147,"column":8},"end":{"line":147,"column":null}},"65":{"start":{"line":147,"column":24},"end":{"line":147,"column":59}},"66":{"start":{"line":147,"column":44},"end":{"line":147,"column":58}},"67":{"start":{"line":150,"column":10},"end":{"line":154,"column":null}},"68":{"start":{"line":151,"column":8},"end":{"line":153,"column":null}},"69":{"start":{"line":151,"column":24},"end":{"line":153,"column":9}},"70":{"start":{"line":152,"column":12},"end":{"line":152,"column":null}},"71":{"start":{"line":156,"column":10},"end":{"line":159,"column":null}},"72":{"start":{"line":157,"column":8},"end":{"line":157,"column":null}},"73":{"start":{"line":158,"column":8},"end":{"line":158,"column":null}},"74":{"start":{"line":161,"column":10},"end":{"line":164,"column":null}},"75":{"start":{"line":162,"column":8},"end":{"line":162,"column":null}},"76":{"start":{"line":162,"column":24},"end":{"line":162,"column":83}},"77":{"start":{"line":162,"column":44},"end":{"line":162,"column":82}},"78":{"start":{"line":163,"column":8},"end":{"line":163,"column":null}},"79":{"start":{"line":166,"column":10},"end":{"line":170,"column":null}},"80":{"start":{"line":167,"column":8},"end":{"line":169,"column":null}},"81":{"start":{"line":168,"column":12},"end":{"line":168,"column":null}},"82":{"start":{"line":168,"column":49},"end":{"line":168,"column":57}},"83":{"start":{"line":172,"column":10},"end":{"line":174,"column":null}},"84":{"start":{"line":173,"column":8},"end":{"line":173,"column":null}},"85":{"start":{"line":173,"column":57},"end":{"line":173,"column":61}},"86":{"start":{"line":176,"column":18},"end":{"line":190,"column":null}},"87":{"start":{"line":192,"column":4},"end":{"line":192,"column":null}},"88":{"start":{"line":195,"column":23},"end":{"line":201,"column":null}},"89":{"start":{"line":196,"column":10},"end":{"line":196,"column":null}},"90":{"start":{"line":197,"column":4},"end":{"line":199,"column":null}},"91":{"start":{"line":198,"column":8},"end":{"line":198,"column":null}},"92":{"start":{"line":200,"column":4},"end":{"line":200,"column":null}}},"fnMap":{"0":{"name":"(anonymous_0)","decl":{"start":{"line":26,"column":69},"end":{"line":26,"column":70}},"loc":{"start":{"line":26,"column":87},"end":{"line":193,"column":null}},"line":26},"1":{"name":"(anonymous_1)","decl":{"start":{"line":27,"column":49},"end":{"line":27,"column":null}},"loc":{"start":{"line":28,"column":8},"end":{"line":28,"column":null}},"line":28},"2":{"name":"(anonymous_2)","decl":{"start":{"line":36,"column":14},"end":{"line":36,"column":20}},"loc":{"start":{"line":36,"column":20},"end":{"line":38,"column":7}},"line":36},"3":{"name":"(anonymous_3)","decl":{"start":{"line":41,"column":14},"end":{"line":41,"column":20}},"loc":{"start":{"line":41,"column":20},"end":{"line":53,"column":7}},"line":41},"4":{"name":"(anonymous_4)","decl":{"start":{"line":42,"column":30},"end":{"line":42,"column":42}},"loc":{"start":{"line":42,"column":42},"end":{"line":51,"column":null}},"line":42},"5":{"name":"(anonymous_5)","decl":{"start":{"line":56,"column":14},"end":{"line":56,"column":20}},"loc":{"start":{"line":56,"column":20},"end":{"line":60,"column":7}},"line":56},"6":{"name":"(anonymous_6)","decl":{"start":{"line":63,"column":14},"end":{"line":63,"column":20}},"loc":{"start":{"line":63,"column":20},"end":{"line":66,"column":7}},"line":63},"7":{"name":"(anonymous_7)","decl":{"start":{"line":64,"column":33},"end":{"line":64,"column":41}},"loc":{"start":{"line":64,"column":41},"end":{"line":64,"column":48}},"line":64},"8":{"name":"(anonymous_8)","decl":{"start":{"line":65,"column":31},"end":{"line":65,"column":39}},"loc":{"start":{"line":65,"column":39},"end":{"line":65,"column":78}},"line":65},"9":{"name":"(anonymous_9)","decl":{"start":{"line":65,"column":51},"end":{"line":65,"column":57}},"loc":{"start":{"line":65,"column":57},"end":{"line":65,"column":77}},"line":65},"10":{"name":"(anonymous_10)","decl":{"start":{"line":68,"column":30},"end":{"line":68,"column":36}},"loc":{"start":{"line":68,"column":36},"end":{"line":68,"column":92}},"line":68},"11":{"name":"(anonymous_11)","decl":{"start":{"line":68,"column":48},"end":{"line":68,"column":49}},"loc":{"start":{"line":68,"column":65},"end":{"line":68,"column":88}},"line":68},"12":{"name":"(anonymous_12)","decl":{"start":{"line":70,"column":34},"end":{"line":70,"column":null}},"loc":{"start":{"line":71,"column":8},"end":{"line":71,"column":null}},"line":71},"13":{"name":"(anonymous_13)","decl":{"start":{"line":71,"column":20},"end":{"line":71,"column":28}},"loc":{"start":{"line":71,"column":28},"end":{"line":71,"column":65}},"line":71},"14":{"name":"(anonymous_14)","decl":{"start":{"line":74,"column":34},"end":{"line":74,"column":41}},"loc":{"start":{"line":74,"column":115},"end":{"line":144,"column":7}},"line":74},"15":{"name":"(anonymous_15)","decl":{"start":{"line":76,"column":41},"end":{"line":76,"column":49}},"loc":{"start":{"line":76,"column":49},"end":{"line":76,"column":68}},"line":76},"16":{"name":"(anonymous_16)","decl":{"start":{"line":111,"column":16},"end":{"line":111,"column":24}},"loc":{"start":{"line":111,"column":24},"end":{"line":119,"column":9}},"line":111},"17":{"name":"(anonymous_17)","decl":{"start":{"line":112,"column":39},"end":{"line":112,"column":47}},"loc":{"start":{"line":112,"column":47},"end":{"line":112,"column":66}},"line":112},"18":{"name":"(anonymous_18)","decl":{"start":{"line":114,"column":32},"end":{"line":114,"column":null}},"loc":{"start":{"line":115,"column":20},"end":{"line":115,"column":null}},"line":115},"19":{"name":"(anonymous_19)","decl":{"start":{"line":134,"column":31},"end":{"line":134,"column":39}},"loc":{"start":{"line":134,"column":39},"end":{"line":134,"column":89}},"line":134},"20":{"name":"(anonymous_20)","decl":{"start":{"line":146,"column":39},"end":{"line":146,"column":40}},"loc":{"start":{"line":146,"column":55},"end":{"line":148,"column":7}},"line":146},"21":{"name":"(anonymous_21)","decl":{"start":{"line":147,"column":16},"end":{"line":147,"column":24}},"loc":{"start":{"line":147,"column":24},"end":{"line":147,"column":59}},"line":147},"22":{"name":"(anonymous_22)","decl":{"start":{"line":147,"column":36},"end":{"line":147,"column":44}},"loc":{"start":{"line":147,"column":44},"end":{"line":147,"column":58}},"line":147},"23":{"name":"(anonymous_23)","decl":{"start":{"line":150,"column":39},"end":{"line":150,"column":40}},"loc":{"start":{"line":150,"column":70},"end":{"line":154,"column":7}},"line":150},"24":{"name":"(anonymous_24)","decl":{"start":{"line":151,"column":16},"end":{"line":151,"column":24}},"loc":{"start":{"line":151,"column":24},"end":{"line":153,"column":9}},"line":151},"25":{"name":"(anonymous_25)","decl":{"start":{"line":151,"column":33},"end":{"line":151,"column":null}},"loc":{"start":{"line":152,"column":12},"end":{"line":152,"column":null}},"line":152},"26":{"name":"(anonymous_26)","decl":{"start":{"line":156,"column":34},"end":{"line":156,"column":40}},"loc":{"start":{"line":156,"column":40},"end":{"line":159,"column":7}},"line":156},"27":{"name":"(anonymous_27)","decl":{"start":{"line":161,"column":43},"end":{"line":161,"column":49}},"loc":{"start":{"line":161,"column":49},"end":{"line":164,"column":7}},"line":161},"28":{"name":"(anonymous_28)","decl":{"start":{"line":162,"column":16},"end":{"line":162,"column":24}},"loc":{"start":{"line":162,"column":24},"end":{"line":162,"column":83}},"line":162},"29":{"name":"(anonymous_29)","decl":{"start":{"line":162,"column":36},"end":{"line":162,"column":44}},"loc":{"start":{"line":162,"column":44},"end":{"line":162,"column":82}},"line":162},"30":{"name":"(anonymous_30)","decl":{"start":{"line":166,"column":40},"end":{"line":166,"column":41}},"loc":{"start":{"line":166,"column":56},"end":{"line":170,"column":7}},"line":166},"31":{"name":"(anonymous_31)","decl":{"start":{"line":167,"column":31},"end":{"line":167,"column":null}},"loc":{"start":{"line":168,"column":12},"end":{"line":168,"column":null}},"line":168},"32":{"name":"(anonymous_32)","decl":{"start":{"line":168,"column":44},"end":{"line":168,"column":49}},"loc":{"start":{"line":168,"column":49},"end":{"line":168,"column":57}},"line":168},"33":{"name":"(anonymous_33)","decl":{"start":{"line":172,"column":34},"end":{"line":172,"column":35}},"loc":{"start":{"line":172,"column":58},"end":{"line":174,"column":7}},"line":172},"34":{"name":"(anonymous_34)","decl":{"start":{"line":173,"column":52},"end":{"line":173,"column":57}},"loc":{"start":{"line":173,"column":57},"end":{"line":173,"column":61}},"line":173},"35":{"name":"(anonymous_35)","decl":{"start":{"line":195,"column":23},"end":{"line":195,"column":29}},"loc":{"start":{"line":195,"column":29},"end":{"line":201,"column":null}},"line":195}},"branchMap":{"0":{"loc":{"start":{"line":28,"column":19},"end":{"line":28,"column":64}},"type":"binary-expr","locations":[{"start":{"line":28,"column":19},"end":{"line":28,"column":60}},{"start":{"line":28,"column":60},"end":{"line":28,"column":64}}],"line":28},"1":{"loc":{"start":{"line":43,"column":12},"end":{"line":49,"column":null}},"type":"if","locations":[{"start":{"line":43,"column":12},"end":{"line":49,"column":null}},{"start":{},"end":{}}],"line":43},"2":{"loc":{"start":{"line":45,"column":16},"end":{"line":48,"column":null}},"type":"if","locations":[{"start":{"line":45,"column":16},"end":{"line":48,"column":null}},{"start":{},"end":{}}],"line":45},"3":{"loc":{"start":{"line":45,"column":20},"end":{"line":45,"column":55}},"type":"binary-expr","locations":[{"start":{"line":45,"column":20},"end":{"line":45,"column":33}},{"start":{"line":45,"column":33},"end":{"line":45,"column":55}}],"line":45},"4":{"loc":{"start":{"line":57,"column":8},"end":{"line":59,"column":null}},"type":"if","locations":[{"start":{"line":57,"column":8},"end":{"line":59,"column":null}},{"start":{},"end":{}}],"line":57},"5":{"loc":{"start":{"line":57,"column":12},"end":{"line":57,"column":39}},"type":"binary-expr","locations":[{"start":{"line":57,"column":12},"end":{"line":57,"column":20}},{"start":{"line":57,"column":20},"end":{"line":57,"column":39}}],"line":57},"6":{"loc":{"start":{"line":74,"column":53},"end":{"line":74,"column":75}},"type":"default-arg","locations":[{"start":{"line":74,"column":72},"end":{"line":74,"column":75}}],"line":74},"7":{"loc":{"start":{"line":77,"column":36},"end":{"line":77,"column":null}},"type":"binary-expr","locations":[{"start":{"line":77,"column":36},"end":{"line":77,"column":64}},{"start":{"line":77,"column":64},"end":{"line":77,"column":null}}],"line":77},"8":{"loc":{"start":{"line":83,"column":8},"end":{"line":108,"column":null}},"type":"if","locations":[{"start":{"line":83,"column":8},"end":{"line":108,"column":null}},{"start":{},"end":{}}],"line":83},"9":{"loc":{"start":{"line":84,"column":12},"end":{"line":106,"column":null}},"type":"if","locations":[{"start":{"line":84,"column":12},"end":{"line":106,"column":null}},{"start":{"line":91,"column":12},"end":{"line":106,"column":null}}],"line":84},"10":{"loc":{"start":{"line":91,"column":12},"end":{"line":106,"column":null}},"type":"if","locations":[{"start":{"line":91,"column":12},"end":{"line":106,"column":null}},{"start":{"line":98,"column":19},"end":{"line":106,"column":null}}],"line":91},"11":{"loc":{"start":{"line":113,"column":12},"end":{"line":117,"column":null}},"type":"if","locations":[{"start":{"line":113,"column":12},"end":{"line":117,"column":null}},{"start":{},"end":{}}],"line":113},"12":{"loc":{"start":{"line":115,"column":20},"end":{"line":115,"column":null}},"type":"cond-expr","locations":[{"start":{"line":115,"column":42},"end":{"line":115,"column":92}},{"start":{"line":115,"column":92},"end":{"line":115,"column":null}}],"line":115},"13":{"loc":{"start":{"line":122,"column":8},"end":{"line":131,"column":null}},"type":"if","locations":[{"start":{"line":122,"column":8},"end":{"line":131,"column":null}},{"start":{},"end":{}}],"line":122},"14":{"loc":{"start":{"line":124,"column":12},"end":{"line":130,"column":null}},"type":"if","locations":[{"start":{"line":124,"column":12},"end":{"line":130,"column":null}},{"start":{},"end":{}}],"line":124},"15":{"loc":{"start":{"line":134,"column":39},"end":{"line":134,"column":89}},"type":"cond-expr","locations":[{"start":{"line":134,"column":64},"end":{"line":134,"column":71}},{"start":{"line":134,"column":71},"end":{"line":134,"column":89}}],"line":134},"16":{"loc":{"start":{"line":152,"column":12},"end":{"line":152,"column":null}},"type":"cond-expr","locations":[{"start":{"line":152,"column":29},"end":{"line":152,"column":89}},{"start":{"line":152,"column":89},"end":{"line":152,"column":null}}],"line":152},"17":{"loc":{"start":{"line":168,"column":12},"end":{"line":168,"column":null}},"type":"cond-expr","locations":[{"start":{"line":168,"column":32},"end":{"line":168,"column":61}},{"start":{"line":168,"column":61},"end":{"line":168,"column":null}}],"line":168},"18":{"loc":{"start":{"line":173,"column":31},"end":{"line":173,"column":67}},"type":"cond-expr","locations":[{"start":{"line":173,"column":43},"end":{"line":173,"column":65}},{"start":{"line":173,"column":65},"end":{"line":173,"column":67}}],"line":173},"19":{"loc":{"start":{"line":197,"column":4},"end":{"line":199,"column":null}},"type":"if","locations":[{"start":{"line":197,"column":4},"end":{"line":199,"column":null}},{"start":{},"end":{}}],"line":197}},"s":{"0":1,"1":1,"2":22,"3":5,"4":22,"5":22,"6":22,"7":22,"8":22,"9":12,"10":22,"11":5,"12":5,"13":0,"14":0,"15":0,"16":5,"17":5,"18":22,"19":17,"20":0,"21":22,"22":12,"23":6,"24":12,"25":11,"26":6,"27":22,"28":12,"29":6,"30":22,"31":22,"32":10,"33":22,"34":5,"35":0,"36":5,"37":5,"38":5,"39":5,"40":0,"41":0,"42":0,"43":0,"44":0,"45":0,"46":0,"47":5,"48":5,"49":1,"50":5,"51":1,"52":1,"53":4,"54":5,"55":0,"56":0,"57":0,"58":0,"59":0,"60":5,"61":5,"62":5,"63":22,"64":1,"65":1,"66":1,"67":22,"68":2,"69":2,"70":2,"71":22,"72":0,"73":0,"74":22,"75":0,"76":0,"77":0,"78":0,"79":22,"80":0,"81":0,"82":0,"83":22,"84":0,"85":0,"86":22,"87":22,"88":1,"89":22,"90":22,"91":0,"92":22},"f":{"0":22,"1":5,"2":12,"3":5,"4":5,"5":17,"6":12,"7":6,"8":11,"9":6,"10":12,"11":6,"12":22,"13":10,"14":5,"15":0,"16":5,"17":1,"18":1,"19":5,"20":1,"21":1,"22":1,"23":2,"24":2,"25":2,"26":0,"27":0,"28":0,"29":0,"30":0,"31":0,"32":0,"33":0,"34":0,"35":22},"b":{"0":[5,5],"1":[0,5],"2":[0,0],"3":[0,0],"4":[0,17],"5":[17,0],"6":[5],"7":[5,5],"8":[0,5],"9":[0,0],"10":[0,0],"11":[1,4],"12":[1,0],"13":[0,5],"14":[0,0],"15":[1,4],"16":[2,0],"17":[0,0],"18":[0,0],"19":[0,22]},"meta":{"lastBranch":20,"lastFunction":36,"lastStatement":93,"seen":{"s:24:6:24:Infinity":0,"s:26:69:193:Infinity":1,"f:26:69:26:70":0,"s:27:24:29:Infinity":2,"f:27:49:27:Infinity":1,"s:28:8:28:Infinity":3,"b:28:19:28:60:28:60:28:64":0,"s:30:54:30:Infinity":4,"s:31:36:31:Infinity":5,"s:32:50:32:Infinity":6,"s:33:17:33:Infinity":7,"s:36:4:38:Infinity":8,"f:36:14:36:20":2,"s:37:8:37:Infinity":9,"s:41:4:53:Infinity":10,"f:41:14:41:20":3,"s:42:30:51:Infinity":11,"f:42:30:42:42":4,"b:43:12:49:Infinity:undefined:undefined:undefined:undefined":1,"s:43:12:49:Infinity":12,"s:44:34:44:Infinity":13,"b:45:16:48:Infinity:undefined:undefined:undefined:undefined":2,"s:45:16:48:Infinity":14,"b:45:20:45:33:45:33:45:55":3,"s:47:20:47:Infinity":15,"s:50:12:50:Infinity":16,"s:52:8:52:Infinity":17,"s:56:4:60:Infinity":18,"f:56:14:56:20":5,"b:57:8:59:Infinity:undefined:undefined:undefined:undefined":4,"s:57:8:59:Infinity":19,"b:57:12:57:20:57:20:57:39":5,"s:58:12:58:Infinity":20,"s:63:4:66:Infinity":21,"f:63:14:63:20":6,"s:64:24:64:Infinity":22,"f:64:33:64:41":7,"s:64:41:64:48":23,"s:65:8:65:Infinity":24,"f:65:31:65:39":8,"s:65:39:65:78":25,"f:65:51:65:57":9,"s:65:57:65:77":26,"s:68:10:68:Infinity":27,"f:68:30:68:36":10,"s:68:36:68:92":28,"f:68:48:68:49":11,"s:68:65:68:88":29,"s:70:10:72:Infinity":30,"f:70:34:70:Infinity":12,"s:71:8:71:Infinity":31,"f:71:20:71:28":13,"s:71:28:71:65":32,"s:74:10:144:Infinity":33,"f:74:34:74:41":14,"b:74:72:74:75":6,"s:76:31:76:Infinity":34,"f:76:41:76:49":15,"s:76:49:76:68":35,"s:77:36:77:Infinity":36,"b:77:36:77:64:77:64:77:Infinity":7,"s:78:36:78:Infinity":37,"s:81:27:81:Infinity":38,"b:83:8:108:Infinity:undefined:undefined:undefined:undefined":8,"s:83:8:108:Infinity":39,"b:84:12:106:Infinity:91:12:106:Infinity":9,"s:84:12:106:Infinity":40,"s:85:16:90:Infinity":41,"b:91:12:106:Infinity:98:19:106:Infinity":10,"s:91:12:106:Infinity":42,"s:92:16:97:Infinity":43,"s:99:40:99:Infinity":44,"s:100:16:105:Infinity":45,"s:107:12:107:Infinity":46,"s:111:8:119:Infinity":47,"f:111:16:111:24":16,"s:112:29:112:Infinity":48,"f:112:39:112:47":17,"s:112:47:112:66":49,"b:113:12:117:Infinity:undefined:undefined:undefined:undefined":11,"s:113:12:117:Infinity":50,"s:114:16:116:Infinity":51,"f:114:32:114:Infinity":18,"s:115:20:115:Infinity":52,"b:115:42:115:92:115:92:115:Infinity":12,"s:118:12:118:Infinity":53,"b:122:8:131:Infinity:undefined:undefined:undefined:undefined":13,"s:122:8:131:Infinity":54,"s:123:29:123:Infinity":55,"b:124:12:130:Infinity:undefined:undefined:undefined:undefined":14,"s:124:12:130:Infinity":56,"s:125:29:125:Infinity":57,"s:126:31:126:Infinity":58,"s:127:16:129:Infinity":59,"s:134:8:134:Infinity":60,"f:134:31:134:39":19,"s:134:39:134:89":61,"b:134:64:134:71:134:71:134:89":15,"s:136:8:141:Infinity":62,"s:146:10:148:Infinity":63,"f:146:39:146:40":20,"s:147:8:147:Infinity":64,"f:147:16:147:24":21,"s:147:24:147:59":65,"f:147:36:147:44":22,"s:147:44:147:58":66,"s:150:10:154:Infinity":67,"f:150:39:150:40":23,"s:151:8:153:Infinity":68,"f:151:16:151:24":24,"s:151:24:153:9":69,"f:151:33:151:Infinity":25,"s:152:12:152:Infinity":70,"b:152:29:152:89:152:89:152:Infinity":16,"s:156:10:159:Infinity":71,"f:156:34:156:40":26,"s:157:8:157:Infinity":72,"s:158:8:158:Infinity":73,"s:161:10:164:Infinity":74,"f:161:43:161:49":27,"s:162:8:162:Infinity":75,"f:162:16:162:24":28,"s:162:24:162:83":76,"f:162:36:162:44":29,"s:162:44:162:82":77,"s:163:8:163:Infinity":78,"s:166:10:170:Infinity":79,"f:166:40:166:41":30,"s:167:8:169:Infinity":80,"f:167:31:167:Infinity":31,"s:168:12:168:Infinity":81,"b:168:32:168:61:168:61:168:Infinity":17,"f:168:44:168:49":32,"s:168:49:168:57":82,"s:172:10:174:Infinity":83,"f:172:34:172:35":33,"s:173:8:173:Infinity":84,"b:173:43:173:65:173:65:173:67":18,"f:173:52:173:57":34,"s:173:57:173:61":85,"s:176:18:190:Infinity":86,"s:192:4:192:Infinity":87,"s:195:23:201:Infinity":88,"f:195:23:195:29":35,"s:196:10:196:Infinity":89,"b:197:4:199:Infinity:undefined:undefined:undefined:undefined":19,"s:197:4:199:Infinity":90,"s:198:8:198:Infinity":91,"s:200:4:200:Infinity":92}}}
,"C:\\Users\\leuti\\Desktop\\GitHub\\DigiBook\\src\\shared\\components\\ui\\Pagination.tsx": {"path":"C:\\Users\\leuti\\Desktop\\GitHub\\DigiBook\\src\\shared\\components\\ui\\Pagination.tsx","statementMap":{"0":{"start":{"line":11,"column":46},"end":{"line":102,"column":null}},"1":{"start":{"line":12,"column":21},"end":{"line":12,"column":null}},"2":{"start":{"line":14,"column":19},"end":{"line":45,"column":null}},"3":{"start":{"line":15,"column":39},"end":{"line":15,"column":null}},"4":{"start":{"line":16,"column":18},"end":{"line":16,"column":null}},"5":{"start":{"line":18,"column":4},"end":{"line":23,"column":null}},"6":{"start":{"line":19,"column":6},"end":{"line":21,"column":null}},"7":{"start":{"line":19,"column":19},"end":{"line":19,"column":22}},"8":{"start":{"line":20,"column":8},"end":{"line":20,"column":null}},"9":{"start":{"line":22,"column":6},"end":{"line":22,"column":null}},"10":{"start":{"line":25,"column":4},"end":{"line":25,"column":null}},"11":{"start":{"line":27,"column":4},"end":{"line":29,"column":null}},"12":{"start":{"line":28,"column":6},"end":{"line":28,"column":null}},"13":{"start":{"line":31,"column":18},"end":{"line":31,"column":null}},"14":{"start":{"line":32,"column":16},"end":{"line":32,"column":null}},"15":{"start":{"line":34,"column":4},"end":{"line":36,"column":null}},"16":{"start":{"line":34,"column":17},"end":{"line":34,"column":24}},"17":{"start":{"line":35,"column":6},"end":{"line":35,"column":null}},"18":{"start":{"line":38,"column":4},"end":{"line":40,"column":null}},"19":{"start":{"line":39,"column":6},"end":{"line":39,"column":null}},"20":{"start":{"line":42,"column":4},"end":{"line":42,"column":null}},"21":{"start":{"line":44,"column":4},"end":{"line":44,"column":null}},"22":{"start":{"line":47,"column":2},"end":{"line":100,"column":null}},"23":{"start":{"line":54,"column":25},"end":{"line":54,"column":null}},"24":{"start":{"line":67,"column":12},"end":{"line":83,"column":null}},"25":{"start":{"line":70,"column":31},"end":{"line":70,"column":null}},"26":{"start":{"line":89,"column":25},"end":{"line":89,"column":null}}},"fnMap":{"0":{"name":"(anonymous_0)","decl":{"start":{"line":11,"column":46},"end":{"line":11,"column":47}},"loc":{"start":{"line":11,"column":110},"end":{"line":102,"column":null}},"line":11},"1":{"name":"(anonymous_1)","decl":{"start":{"line":14,"column":19},"end":{"line":14,"column":25}},"loc":{"start":{"line":14,"column":25},"end":{"line":45,"column":null}},"line":14},"2":{"name":"(anonymous_2)","decl":{"start":{"line":54,"column":19},"end":{"line":54,"column":25}},"loc":{"start":{"line":54,"column":25},"end":{"line":54,"column":null}},"line":54},"3":{"name":"(anonymous_3)","decl":{"start":{"line":66,"column":26},"end":{"line":66,"column":27}},"loc":{"start":{"line":67,"column":12},"end":{"line":83,"column":null}},"line":67},"4":{"name":"(anonymous_4)","decl":{"start":{"line":70,"column":25},"end":{"line":70,"column":31}},"loc":{"start":{"line":70,"column":31},"end":{"line":70,"column":null}},"line":70},"5":{"name":"(anonymous_5)","decl":{"start":{"line":89,"column":19},"end":{"line":89,"column":25}},"loc":{"start":{"line":89,"column":25},"end":{"line":89,"column":null}},"line":89}},"branchMap":{"0":{"loc":{"start":{"line":11,"column":88},"end":{"line":11,"column":104}},"type":"default-arg","locations":[{"start":{"line":11,"column":96},"end":{"line":11,"column":104}}],"line":11},"1":{"loc":{"start":{"line":18,"column":4},"end":{"line":23,"column":null}},"type":"if","locations":[{"start":{"line":18,"column":4},"end":{"line":23,"column":null}},{"start":{},"end":{}}],"line":18},"2":{"loc":{"start":{"line":27,"column":4},"end":{"line":29,"column":null}},"type":"if","locations":[{"start":{"line":27,"column":4},"end":{"line":29,"column":null}},{"start":{},"end":{}}],"line":27},"3":{"loc":{"start":{"line":38,"column":4},"end":{"line":40,"column":null}},"type":"if","locations":[{"start":{"line":38,"column":4},"end":{"line":40,"column":null}},{"start":{},"end":{}}],"line":38},"4":{"loc":{"start":{"line":49,"column":136},"end":{"line":51,"column":null}},"type":"cond-expr","locations":[{"start":{"line":50,"column":12},"end":{"line":50,"column":null}},{"start":{"line":51,"column":12},"end":{"line":51,"column":null}}],"line":49},"5":{"loc":{"start":{"line":56,"column":163},"end":{"line":58,"column":null}},"type":"cond-expr","locations":[{"start":{"line":57,"column":16},"end":{"line":57,"column":null}},{"start":{"line":58,"column":16},"end":{"line":58,"column":null}}],"line":56},"6":{"loc":{"start":{"line":67,"column":12},"end":{"line":83,"column":null}},"type":"cond-expr","locations":[{"start":{"line":68,"column":14},"end":{"line":79,"column":null}},{"start":{"line":81,"column":14},"end":{"line":83,"column":null}}],"line":67},"7":{"loc":{"start":{"line":71,"column":134},"end":{"line":75,"column":null}},"type":"cond-expr","locations":[{"start":{"line":72,"column":23},"end":{"line":72,"column":null}},{"start":{"line":73,"column":23},"end":{"line":75,"column":null}}],"line":71},"8":{"loc":{"start":{"line":72,"column":23},"end":{"line":72,"column":null}},"type":"cond-expr","locations":[{"start":{"line":72,"column":36},"end":{"line":72,"column":105}},{"start":{"line":72,"column":105},"end":{"line":72,"column":null}}],"line":72},"9":{"loc":{"start":{"line":73,"column":23},"end":{"line":75,"column":null}},"type":"cond-expr","locations":[{"start":{"line":74,"column":24},"end":{"line":74,"column":null}},{"start":{"line":75,"column":24},"end":{"line":75,"column":null}}],"line":73},"10":{"loc":{"start":{"line":81,"column":99},"end":{"line":81,"column":147}},"type":"cond-expr","locations":[{"start":{"line":81,"column":112},"end":{"line":81,"column":131}},{"start":{"line":81,"column":131},"end":{"line":81,"column":147}}],"line":81},"11":{"loc":{"start":{"line":91,"column":163},"end":{"line":93,"column":null}},"type":"cond-expr","locations":[{"start":{"line":92,"column":16},"end":{"line":92,"column":null}},{"start":{"line":93,"column":16},"end":{"line":93,"column":null}}],"line":91}},"s":{"0":1,"1":8,"2":8,"3":8,"4":8,"5":8,"6":6,"7":6,"8":30,"9":6,"10":2,"11":2,"12":1,"13":2,"14":2,"15":2,"16":2,"17":4,"18":2,"19":2,"20":2,"21":2,"22":8,"23":1,"24":41,"25":1,"26":1},"f":{"0":8,"1":8,"2":1,"3":41,"4":1,"5":1},"b":{"0":[8],"1":[6,2],"2":[1,1],"3":[2,0],"4":[0,8],"5":[0,8],"6":[38,3],"7":[8,30],"8":[0,8],"9":[0,30],"10":[0,3],"11":[0,8]},"meta":{"lastBranch":12,"lastFunction":6,"lastStatement":27,"seen":{"s:11:46:102:Infinity":0,"f:11:46:11:47":0,"b:11:96:11:104":0,"s:12:21:12:Infinity":1,"s:14:19:45:Infinity":2,"f:14:19:14:25":1,"s:15:39:15:Infinity":3,"s:16:18:16:Infinity":4,"b:18:4:23:Infinity:undefined:undefined:undefined:undefined":1,"s:18:4:23:Infinity":5,"s:19:6:21:Infinity":6,"s:19:19:19:22":7,"s:20:8:20:Infinity":8,"s:22:6:22:Infinity":9,"s:25:4:25:Infinity":10,"b:27:4:29:Infinity:undefined:undefined:undefined:undefined":2,"s:27:4:29:Infinity":11,"s:28:6:28:Infinity":12,"s:31:18:31:Infinity":13,"s:32:16:32:Infinity":14,"s:34:4:36:Infinity":15,"s:34:17:34:24":16,"s:35:6:35:Infinity":17,"b:38:4:40:Infinity:undefined:undefined:undefined:undefined":3,"s:38:4:40:Infinity":18,"s:39:6:39:Infinity":19,"s:42:4:42:Infinity":20,"s:44:4:44:Infinity":21,"s:47:2:100:Infinity":22,"b:50:12:50:Infinity:51:12:51:Infinity":4,"f:54:19:54:25":2,"s:54:25:54:Infinity":23,"b:57:16:57:Infinity:58:16:58:Infinity":5,"f:66:26:66:27":3,"s:67:12:83:Infinity":24,"b:68:14:79:Infinity:81:14:83:Infinity":6,"f:70:25:70:31":4,"s:70:31:70:Infinity":25,"b:72:23:72:Infinity:73:23:75:Infinity":7,"b:72:36:72:105:72:105:72:Infinity":8,"b:74:24:74:Infinity:75:24:75:Infinity":9,"b:81:112:81:131:81:131:81:147":10,"f:89:19:89:25":5,"s:89:25:89:Infinity":26,"b:92:16:92:Infinity:93:16:93:Infinity":11}}}
,"C:\\Users\\leuti\\Desktop\\GitHub\\DigiBook\\src\\shared\\utils\\format.ts": {"path":"C:\\Users\\leuti\\Desktop\\GitHub\\DigiBook\\src\\shared\\utils\\format.ts","statementMap":{"0":{"start":{"line":1,"column":27},"end":{"line":3,"column":null}},"1":{"start":{"line":2,"column":4},"end":{"line":2,"column":null}}},"fnMap":{"0":{"name":"(anonymous_0)","decl":{"start":{"line":1,"column":27},"end":{"line":1,"column":28}},"loc":{"start":{"line":1,"column":46},"end":{"line":3,"column":null}},"line":1}},"branchMap":{},"s":{"0":1,"1":3},"f":{"0":3},"b":{},"meta":{"lastBranch":0,"lastFunction":1,"lastStatement":2,"seen":{"s:1:27:3:Infinity":0,"f:1:27:1:28":0,"s:2:4:2:Infinity":1}}}
}
