{"C:\\Users\\leuti\\Desktop\\GitHub\\Digi\\DigiBook\\src\\features\\cart\\contexts\\CartContext.tsx": {"path":"C:\\Users\\leuti\\Desktop\\GitHub\\Digi\\DigiBook\\src\\features\\cart\\contexts\\CartContext.tsx","statementMap":{"0":{"start":{"line":24,"column":6},"end":{"line":24,"column":null}},"1":{"start":{"line":26,"column":69},"end":{"line":236,"column":null}},"2":{"start":{"line":27,"column":24},"end":{"line":29,"column":null}},"3":{"start":{"line":28,"column":8},"end":{"line":28,"column":null}},"4":{"start":{"line":30,"column":54},"end":{"line":30,"column":null}},"5":{"start":{"line":31,"column":36},"end":{"line":31,"column":null}},"6":{"start":{"line":32,"column":50},"end":{"line":32,"column":null}},"7":{"start":{"line":33,"column":17},"end":{"line":33,"column":null}},"8":{"start":{"line":36,"column":4},"end":{"line":38,"column":null}},"9":{"start":{"line":37,"column":8},"end":{"line":37,"column":null}},"10":{"start":{"line":41,"column":4},"end":{"line":73,"column":null}},"11":{"start":{"line":42,"column":30},"end":{"line":71,"column":null}},"12":{"start":{"line":43,"column":12},"end":{"line":69,"column":null}},"13":{"start":{"line":44,"column":34},"end":{"line":44,"column":null}},"14":{"start":{"line":45,"column":16},"end":{"line":68,"column":null}},"15":{"start":{"line":47,"column":50},"end":{"line":47,"column":null}},"16":{"start":{"line":49,"column":35},"end":{"line":49,"column":null}},"17":{"start":{"line":52,"column":20},"end":{"line":52,"column":null}},"18":{"start":{"line":52,"column":46},"end":{"line":52,"column":71}},"19":{"start":{"line":55,"column":20},"end":{"line":65,"column":null}},"20":{"start":{"line":56,"column":41},"end":{"line":56,"column":null}},"21":{"start":{"line":57,"column":24},"end":{"line":64,"column":null}},"22":{"start":{"line":58,"column":28},"end":{"line":61,"column":null}},"23":{"start":{"line":63,"column":28},"end":{"line":63,"column":null}},"24":{"start":{"line":67,"column":20},"end":{"line":67,"column":null}},"25":{"start":{"line":70,"column":12},"end":{"line":70,"column":null}},"26":{"start":{"line":72,"column":8},"end":{"line":72,"column":null}},"27":{"start":{"line":77,"column":4},"end":{"line":81,"column":null}},"28":{"start":{"line":78,"column":8},"end":{"line":80,"column":null}},"29":{"start":{"line":79,"column":12},"end":{"line":79,"column":null}},"30":{"start":{"line":84,"column":4},"end":{"line":87,"column":null}},"31":{"start":{"line":85,"column":24},"end":{"line":85,"column":null}},"32":{"start":{"line":85,"column":41},"end":{"line":85,"column":48}},"33":{"start":{"line":86,"column":8},"end":{"line":86,"column":null}},"34":{"start":{"line":86,"column":39},"end":{"line":86,"column":78}},"35":{"start":{"line":86,"column":57},"end":{"line":86,"column":77}},"36":{"start":{"line":89,"column":10},"end":{"line":89,"column":null}},"37":{"start":{"line":89,"column":36},"end":{"line":89,"column":92}},"38":{"start":{"line":89,"column":65},"end":{"line":89,"column":88}},"39":{"start":{"line":91,"column":10},"end":{"line":93,"column":null}},"40":{"start":{"line":92,"column":8},"end":{"line":92,"column":null}},"41":{"start":{"line":92,"column":28},"end":{"line":92,"column":65}},"42":{"start":{"line":95,"column":10},"end":{"line":166,"column":null}},"43":{"start":{"line":97,"column":31},"end":{"line":97,"column":null}},"44":{"start":{"line":97,"column":49},"end":{"line":97,"column":68}},"45":{"start":{"line":98,"column":36},"end":{"line":98,"column":null}},"46":{"start":{"line":99,"column":36},"end":{"line":99,"column":null}},"47":{"start":{"line":102,"column":27},"end":{"line":102,"column":null}},"48":{"start":{"line":104,"column":8},"end":{"line":129,"column":null}},"49":{"start":{"line":105,"column":12},"end":{"line":127,"column":null}},"50":{"start":{"line":106,"column":16},"end":{"line":111,"column":null}},"51":{"start":{"line":112,"column":12},"end":{"line":127,"column":null}},"52":{"start":{"line":113,"column":16},"end":{"line":118,"column":null}},"53":{"start":{"line":120,"column":40},"end":{"line":120,"column":null}},"54":{"start":{"line":121,"column":16},"end":{"line":126,"column":null}},"55":{"start":{"line":128,"column":12},"end":{"line":128,"column":null}},"56":{"start":{"line":132,"column":8},"end":{"line":140,"column":null}},"57":{"start":{"line":133,"column":29},"end":{"line":133,"column":null}},"58":{"start":{"line":133,"column":47},"end":{"line":133,"column":66}},"59":{"start":{"line":134,"column":12},"end":{"line":138,"column":null}},"60":{"start":{"line":135,"column":16},"end":{"line":137,"column":null}},"61":{"start":{"line":136,"column":20},"end":{"line":136,"column":null}},"62":{"start":{"line":139,"column":12},"end":{"line":139,"column":null}},"63":{"start":{"line":143,"column":8},"end":{"line":152,"column":null}},"64":{"start":{"line":144,"column":29},"end":{"line":144,"column":null}},"65":{"start":{"line":145,"column":12},"end":{"line":151,"column":null}},"66":{"start":{"line":146,"column":29},"end":{"line":146,"column":null}},"67":{"start":{"line":147,"column":31},"end":{"line":147,"column":null}},"68":{"start":{"line":148,"column":16},"end":{"line":150,"column":null}},"69":{"start":{"line":155,"column":8},"end":{"line":155,"column":null}},"70":{"start":{"line":155,"column":39},"end":{"line":155,"column":89}},"71":{"start":{"line":157,"column":8},"end":{"line":162,"column":null}},"72":{"start":{"line":165,"column":8},"end":{"line":165,"column":null}},"73":{"start":{"line":168,"column":10},"end":{"line":170,"column":null}},"74":{"start":{"line":169,"column":8},"end":{"line":169,"column":null}},"75":{"start":{"line":169,"column":24},"end":{"line":169,"column":59}},"76":{"start":{"line":169,"column":44},"end":{"line":169,"column":58}},"77":{"start":{"line":172,"column":10},"end":{"line":196,"column":null}},"78":{"start":{"line":174,"column":8},"end":{"line":191,"column":null}},"79":{"start":{"line":175,"column":25},"end":{"line":175,"column":null}},"80":{"start":{"line":175,"column":40},"end":{"line":175,"column":51}},"81":{"start":{"line":176,"column":12},"end":{"line":190,"column":null}},"82":{"start":{"line":177,"column":36},"end":{"line":177,"column":null}},"83":{"start":{"line":178,"column":35},"end":{"line":178,"column":null}},"84":{"start":{"line":180,"column":16},"end":{"line":189,"column":null}},"85":{"start":{"line":181,"column":20},"end":{"line":187,"column":null}},"86":{"start":{"line":182,"column":24},"end":{"line":182,"column":null}},"87":{"start":{"line":183,"column":20},"end":{"line":187,"column":null}},"88":{"start":{"line":184,"column":24},"end":{"line":184,"column":null}},"89":{"start":{"line":186,"column":24},"end":{"line":186,"column":null}},"90":{"start":{"line":188,"column":20},"end":{"line":188,"column":null}},"91":{"start":{"line":193,"column":8},"end":{"line":195,"column":null}},"92":{"start":{"line":193,"column":24},"end":{"line":195,"column":9}},"93":{"start":{"line":194,"column":12},"end":{"line":194,"column":null}},"94":{"start":{"line":199,"column":10},"end":{"line":202,"column":null}},"95":{"start":{"line":200,"column":8},"end":{"line":200,"column":null}},"96":{"start":{"line":201,"column":8},"end":{"line":201,"column":null}},"97":{"start":{"line":204,"column":10},"end":{"line":207,"column":null}},"98":{"start":{"line":205,"column":8},"end":{"line":205,"column":null}},"99":{"start":{"line":205,"column":24},"end":{"line":205,"column":83}},"100":{"start":{"line":205,"column":44},"end":{"line":205,"column":82}},"101":{"start":{"line":206,"column":8},"end":{"line":206,"column":null}},"102":{"start":{"line":209,"column":10},"end":{"line":213,"column":null}},"103":{"start":{"line":210,"column":8},"end":{"line":212,"column":null}},"104":{"start":{"line":211,"column":12},"end":{"line":211,"column":null}},"105":{"start":{"line":211,"column":49},"end":{"line":211,"column":57}},"106":{"start":{"line":215,"column":10},"end":{"line":217,"column":null}},"107":{"start":{"line":216,"column":8},"end":{"line":216,"column":null}},"108":{"start":{"line":216,"column":57},"end":{"line":216,"column":61}},"109":{"start":{"line":219,"column":18},"end":{"line":233,"column":null}},"110":{"start":{"line":235,"column":4},"end":{"line":235,"column":null}},"111":{"start":{"line":238,"column":23},"end":{"line":244,"column":null}},"112":{"start":{"line":239,"column":10},"end":{"line":239,"column":null}},"113":{"start":{"line":240,"column":4},"end":{"line":242,"column":null}},"114":{"start":{"line":241,"column":8},"end":{"line":241,"column":null}},"115":{"start":{"line":243,"column":4},"end":{"line":243,"column":null}}},"fnMap":{"0":{"name":"(anonymous_0)","decl":{"start":{"line":26,"column":69},"end":{"line":26,"column":70}},"loc":{"start":{"line":26,"column":87},"end":{"line":236,"column":null}},"line":26},"1":{"name":"(anonymous_1)","decl":{"start":{"line":27,"column":49},"end":{"line":27,"column":null}},"loc":{"start":{"line":28,"column":8},"end":{"line":28,"column":null}},"line":28},"2":{"name":"(anonymous_2)","decl":{"start":{"line":36,"column":14},"end":{"line":36,"column":20}},"loc":{"start":{"line":36,"column":20},"end":{"line":38,"column":7}},"line":36},"3":{"name":"(anonymous_3)","decl":{"start":{"line":41,"column":14},"end":{"line":41,"column":20}},"loc":{"start":{"line":41,"column":20},"end":{"line":73,"column":7}},"line":41},"4":{"name":"(anonymous_4)","decl":{"start":{"line":42,"column":30},"end":{"line":42,"column":42}},"loc":{"start":{"line":42,"column":42},"end":{"line":71,"column":null}},"line":42},"5":{"name":"(anonymous_5)","decl":{"start":{"line":52,"column":38},"end":{"line":52,"column":46}},"loc":{"start":{"line":52,"column":46},"end":{"line":52,"column":71}},"line":52},"6":{"name":"(anonymous_6)","decl":{"start":{"line":55,"column":38},"end":{"line":55,"column":46}},"loc":{"start":{"line":55,"column":46},"end":{"line":65,"column":21}},"line":55},"7":{"name":"(anonymous_7)","decl":{"start":{"line":77,"column":14},"end":{"line":77,"column":20}},"loc":{"start":{"line":77,"column":20},"end":{"line":81,"column":7}},"line":77},"8":{"name":"(anonymous_8)","decl":{"start":{"line":84,"column":14},"end":{"line":84,"column":20}},"loc":{"start":{"line":84,"column":20},"end":{"line":87,"column":7}},"line":84},"9":{"name":"(anonymous_9)","decl":{"start":{"line":85,"column":33},"end":{"line":85,"column":41}},"loc":{"start":{"line":85,"column":41},"end":{"line":85,"column":48}},"line":85},"10":{"name":"(anonymous_10)","decl":{"start":{"line":86,"column":31},"end":{"line":86,"column":39}},"loc":{"start":{"line":86,"column":39},"end":{"line":86,"column":78}},"line":86},"11":{"name":"(anonymous_11)","decl":{"start":{"line":86,"column":51},"end":{"line":86,"column":57}},"loc":{"start":{"line":86,"column":57},"end":{"line":86,"column":77}},"line":86},"12":{"name":"(anonymous_12)","decl":{"start":{"line":89,"column":30},"end":{"line":89,"column":36}},"loc":{"start":{"line":89,"column":36},"end":{"line":89,"column":92}},"line":89},"13":{"name":"(anonymous_13)","decl":{"start":{"line":89,"column":48},"end":{"line":89,"column":49}},"loc":{"start":{"line":89,"column":65},"end":{"line":89,"column":88}},"line":89},"14":{"name":"(anonymous_14)","decl":{"start":{"line":91,"column":34},"end":{"line":91,"column":null}},"loc":{"start":{"line":92,"column":8},"end":{"line":92,"column":null}},"line":92},"15":{"name":"(anonymous_15)","decl":{"start":{"line":92,"column":20},"end":{"line":92,"column":28}},"loc":{"start":{"line":92,"column":28},"end":{"line":92,"column":65}},"line":92},"16":{"name":"(anonymous_16)","decl":{"start":{"line":95,"column":34},"end":{"line":95,"column":41}},"loc":{"start":{"line":95,"column":133},"end":{"line":166,"column":7}},"line":95},"17":{"name":"(anonymous_17)","decl":{"start":{"line":97,"column":41},"end":{"line":97,"column":49}},"loc":{"start":{"line":97,"column":49},"end":{"line":97,"column":68}},"line":97},"18":{"name":"(anonymous_18)","decl":{"start":{"line":132,"column":16},"end":{"line":132,"column":24}},"loc":{"start":{"line":132,"column":24},"end":{"line":140,"column":9}},"line":132},"19":{"name":"(anonymous_19)","decl":{"start":{"line":133,"column":39},"end":{"line":133,"column":47}},"loc":{"start":{"line":133,"column":47},"end":{"line":133,"column":66}},"line":133},"20":{"name":"(anonymous_20)","decl":{"start":{"line":135,"column":32},"end":{"line":135,"column":null}},"loc":{"start":{"line":136,"column":20},"end":{"line":136,"column":null}},"line":136},"21":{"name":"(anonymous_21)","decl":{"start":{"line":155,"column":31},"end":{"line":155,"column":39}},"loc":{"start":{"line":155,"column":39},"end":{"line":155,"column":89}},"line":155},"22":{"name":"(anonymous_22)","decl":{"start":{"line":168,"column":39},"end":{"line":168,"column":40}},"loc":{"start":{"line":168,"column":55},"end":{"line":170,"column":7}},"line":168},"23":{"name":"(anonymous_23)","decl":{"start":{"line":169,"column":16},"end":{"line":169,"column":24}},"loc":{"start":{"line":169,"column":24},"end":{"line":169,"column":59}},"line":169},"24":{"name":"(anonymous_24)","decl":{"start":{"line":169,"column":36},"end":{"line":169,"column":44}},"loc":{"start":{"line":169,"column":44},"end":{"line":169,"column":58}},"line":169},"25":{"name":"(anonymous_25)","decl":{"start":{"line":172,"column":39},"end":{"line":172,"column":46}},"loc":{"start":{"line":172,"column":76},"end":{"line":196,"column":7}},"line":172},"26":{"name":"(anonymous_26)","decl":{"start":{"line":175,"column":35},"end":{"line":175,"column":40}},"loc":{"start":{"line":175,"column":40},"end":{"line":175,"column":51}},"line":175},"27":{"name":"(anonymous_27)","decl":{"start":{"line":193,"column":16},"end":{"line":193,"column":24}},"loc":{"start":{"line":193,"column":24},"end":{"line":195,"column":9}},"line":193},"28":{"name":"(anonymous_28)","decl":{"start":{"line":193,"column":33},"end":{"line":193,"column":null}},"loc":{"start":{"line":194,"column":12},"end":{"line":194,"column":null}},"line":194},"29":{"name":"(anonymous_29)","decl":{"start":{"line":199,"column":34},"end":{"line":199,"column":40}},"loc":{"start":{"line":199,"column":40},"end":{"line":202,"column":7}},"line":199},"30":{"name":"(anonymous_30)","decl":{"start":{"line":204,"column":43},"end":{"line":204,"column":49}},"loc":{"start":{"line":204,"column":49},"end":{"line":207,"column":7}},"line":204},"31":{"name":"(anonymous_31)","decl":{"start":{"line":205,"column":16},"end":{"line":205,"column":24}},"loc":{"start":{"line":205,"column":24},"end":{"line":205,"column":83}},"line":205},"32":{"name":"(anonymous_32)","decl":{"start":{"line":205,"column":36},"end":{"line":205,"column":44}},"loc":{"start":{"line":205,"column":44},"end":{"line":205,"column":82}},"line":205},"33":{"name":"(anonymous_33)","decl":{"start":{"line":209,"column":40},"end":{"line":209,"column":41}},"loc":{"start":{"line":209,"column":56},"end":{"line":213,"column":7}},"line":209},"34":{"name":"(anonymous_34)","decl":{"start":{"line":210,"column":31},"end":{"line":210,"column":null}},"loc":{"start":{"line":211,"column":12},"end":{"line":211,"column":null}},"line":211},"35":{"name":"(anonymous_35)","decl":{"start":{"line":211,"column":44},"end":{"line":211,"column":49}},"loc":{"start":{"line":211,"column":49},"end":{"line":211,"column":57}},"line":211},"36":{"name":"(anonymous_36)","decl":{"start":{"line":215,"column":34},"end":{"line":215,"column":35}},"loc":{"start":{"line":215,"column":58},"end":{"line":217,"column":7}},"line":215},"37":{"name":"(anonymous_37)","decl":{"start":{"line":216,"column":52},"end":{"line":216,"column":57}},"loc":{"start":{"line":216,"column":57},"end":{"line":216,"column":61}},"line":216},"38":{"name":"(anonymous_38)","decl":{"start":{"line":238,"column":23},"end":{"line":238,"column":29}},"loc":{"start":{"line":238,"column":29},"end":{"line":244,"column":null}},"line":238}},"branchMap":{"0":{"loc":{"start":{"line":28,"column":19},"end":{"line":28,"column":64}},"type":"binary-expr","locations":[{"start":{"line":28,"column":19},"end":{"line":28,"column":60}},{"start":{"line":28,"column":60},"end":{"line":28,"column":64}}],"line":28},"1":{"loc":{"start":{"line":43,"column":12},"end":{"line":69,"column":null}},"type":"if","locations":[{"start":{"line":43,"column":12},"end":{"line":69,"column":null}},{"start":{},"end":{}}],"line":43},"2":{"loc":{"start":{"line":45,"column":16},"end":{"line":68,"column":null}},"type":"if","locations":[{"start":{"line":45,"column":16},"end":{"line":68,"column":null}},{"start":{},"end":{}}],"line":45},"3":{"loc":{"start":{"line":45,"column":20},"end":{"line":45,"column":55}},"type":"binary-expr","locations":[{"start":{"line":45,"column":20},"end":{"line":45,"column":33}},{"start":{"line":45,"column":33},"end":{"line":45,"column":55}}],"line":45},"4":{"loc":{"start":{"line":47,"column":61},"end":{"line":47,"column":106}},"type":"binary-expr","locations":[{"start":{"line":47,"column":61},"end":{"line":47,"column":102}},{"start":{"line":47,"column":102},"end":{"line":47,"column":106}}],"line":47},"5":{"loc":{"start":{"line":57,"column":24},"end":{"line":64,"column":null}},"type":"if","locations":[{"start":{"line":57,"column":24},"end":{"line":64,"column":null}},{"start":{"line":62,"column":31},"end":{"line":64,"column":null}}],"line":57},"6":{"loc":{"start":{"line":78,"column":8},"end":{"line":80,"column":null}},"type":"if","locations":[{"start":{"line":78,"column":8},"end":{"line":80,"column":null}},{"start":{},"end":{}}],"line":78},"7":{"loc":{"start":{"line":78,"column":12},"end":{"line":78,"column":39}},"type":"binary-expr","locations":[{"start":{"line":78,"column":12},"end":{"line":78,"column":20}},{"start":{"line":78,"column":20},"end":{"line":78,"column":39}}],"line":78},"8":{"loc":{"start":{"line":95,"column":53},"end":{"line":95,"column":75}},"type":"default-arg","locations":[{"start":{"line":95,"column":72},"end":{"line":95,"column":75}}],"line":95},"9":{"loc":{"start":{"line":98,"column":36},"end":{"line":98,"column":null}},"type":"binary-expr","locations":[{"start":{"line":98,"column":36},"end":{"line":98,"column":64}},{"start":{"line":98,"column":64},"end":{"line":98,"column":null}}],"line":98},"10":{"loc":{"start":{"line":104,"column":8},"end":{"line":129,"column":null}},"type":"if","locations":[{"start":{"line":104,"column":8},"end":{"line":129,"column":null}},{"start":{},"end":{}}],"line":104},"11":{"loc":{"start":{"line":105,"column":12},"end":{"line":127,"column":null}},"type":"if","locations":[{"start":{"line":105,"column":12},"end":{"line":127,"column":null}},{"start":{"line":112,"column":12},"end":{"line":127,"column":null}}],"line":105},"12":{"loc":{"start":{"line":112,"column":12},"end":{"line":127,"column":null}},"type":"if","locations":[{"start":{"line":112,"column":12},"end":{"line":127,"column":null}},{"start":{"line":119,"column":19},"end":{"line":127,"column":null}}],"line":112},"13":{"loc":{"start":{"line":134,"column":12},"end":{"line":138,"column":null}},"type":"if","locations":[{"start":{"line":134,"column":12},"end":{"line":138,"column":null}},{"start":{},"end":{}}],"line":134},"14":{"loc":{"start":{"line":136,"column":20},"end":{"line":136,"column":null}},"type":"cond-expr","locations":[{"start":{"line":136,"column":42},"end":{"line":136,"column":92}},{"start":{"line":136,"column":92},"end":{"line":136,"column":null}}],"line":136},"15":{"loc":{"start":{"line":143,"column":8},"end":{"line":152,"column":null}},"type":"if","locations":[{"start":{"line":143,"column":8},"end":{"line":152,"column":null}},{"start":{},"end":{}}],"line":143},"16":{"loc":{"start":{"line":145,"column":12},"end":{"line":151,"column":null}},"type":"if","locations":[{"start":{"line":145,"column":12},"end":{"line":151,"column":null}},{"start":{},"end":{}}],"line":145},"17":{"loc":{"start":{"line":155,"column":39},"end":{"line":155,"column":89}},"type":"cond-expr","locations":[{"start":{"line":155,"column":64},"end":{"line":155,"column":71}},{"start":{"line":155,"column":71},"end":{"line":155,"column":89}}],"line":155},"18":{"loc":{"start":{"line":174,"column":8},"end":{"line":191,"column":null}},"type":"if","locations":[{"start":{"line":174,"column":8},"end":{"line":191,"column":null}},{"start":{},"end":{}}],"line":174},"19":{"loc":{"start":{"line":176,"column":12},"end":{"line":190,"column":null}},"type":"if","locations":[{"start":{"line":176,"column":12},"end":{"line":190,"column":null}},{"start":{},"end":{}}],"line":176},"20":{"loc":{"start":{"line":180,"column":16},"end":{"line":189,"column":null}},"type":"if","locations":[{"start":{"line":180,"column":16},"end":{"line":189,"column":null}},{"start":{},"end":{}}],"line":180},"21":{"loc":{"start":{"line":181,"column":20},"end":{"line":187,"column":null}},"type":"if","locations":[{"start":{"line":181,"column":20},"end":{"line":187,"column":null}},{"start":{"line":183,"column":20},"end":{"line":187,"column":null}}],"line":181},"22":{"loc":{"start":{"line":183,"column":20},"end":{"line":187,"column":null}},"type":"if","locations":[{"start":{"line":183,"column":20},"end":{"line":187,"column":null}},{"start":{"line":185,"column":27},"end":{"line":187,"column":null}}],"line":183},"23":{"loc":{"start":{"line":194,"column":12},"end":{"line":194,"column":null}},"type":"cond-expr","locations":[{"start":{"line":194,"column":29},"end":{"line":194,"column":89}},{"start":{"line":194,"column":89},"end":{"line":194,"column":null}}],"line":194},"24":{"loc":{"start":{"line":211,"column":12},"end":{"line":211,"column":null}},"type":"cond-expr","locations":[{"start":{"line":211,"column":32},"end":{"line":211,"column":61}},{"start":{"line":211,"column":61},"end":{"line":211,"column":null}}],"line":211},"25":{"loc":{"start":{"line":216,"column":31},"end":{"line":216,"column":67}},"type":"cond-expr","locations":[{"start":{"line":216,"column":43},"end":{"line":216,"column":65}},{"start":{"line":216,"column":65},"end":{"line":216,"column":67}}],"line":216},"26":{"loc":{"start":{"line":240,"column":4},"end":{"line":242,"column":null}},"type":"if","locations":[{"start":{"line":240,"column":4},"end":{"line":242,"column":null}},{"start":{},"end":{}}],"line":240}},"s":{"0":1,"1":1,"2":23,"3":5,"4":23,"5":23,"6":23,"7":23,"8":23,"9":12,"10":23,"11":5,"12":5,"13":0,"14":0,"15":0,"16":0,"17":0,"18":0,"19":0,"20":0,"21":0,"22":0,"23":0,"24":0,"25":5,"26":5,"27":23,"28":17,"29":0,"30":23,"31":12,"32":6,"33":12,"34":11,"35":6,"36":23,"37":12,"38":6,"39":23,"40":23,"41":11,"42":23,"43":5,"44":0,"45":5,"46":5,"47":5,"48":5,"49":0,"50":0,"51":0,"52":0,"53":0,"54":0,"55":0,"56":5,"57":5,"58":1,"59":5,"60":1,"61":1,"62":4,"63":5,"64":0,"65":0,"66":0,"67":0,"68":0,"69":5,"70":5,"71":5,"72":5,"73":23,"74":1,"75":1,"76":1,"77":23,"78":2,"79":1,"80":1,"81":1,"82":1,"83":1,"84":1,"85":0,"86":0,"87":0,"88":0,"89":0,"90":0,"91":2,"92":2,"93":2,"94":23,"95":0,"96":0,"97":23,"98":0,"99":0,"100":0,"101":0,"102":23,"103":0,"104":0,"105":0,"106":23,"107":0,"108":0,"109":23,"110":23,"111":1,"112":23,"113":23,"114":0,"115":23},"f":{"0":23,"1":5,"2":12,"3":5,"4":5,"5":0,"6":0,"7":17,"8":12,"9":6,"10":11,"11":6,"12":12,"13":6,"14":23,"15":11,"16":5,"17":0,"18":5,"19":1,"20":1,"21":5,"22":1,"23":1,"24":1,"25":2,"26":1,"27":2,"28":2,"29":0,"30":0,"31":0,"32":0,"33":0,"34":0,"35":0,"36":0,"37":0,"38":23},"b":{"0":[5,5],"1":[0,5],"2":[0,0],"3":[0,0],"4":[0,0],"5":[0,0],"6":[0,17],"7":[17,0],"8":[5],"9":[5,5],"10":[0,5],"11":[0,0],"12":[0,0],"13":[1,4],"14":[1,0],"15":[0,5],"16":[0,0],"17":[1,4],"18":[1,1],"19":[1,0],"20":[0,1],"21":[0,0],"22":[0,0],"23":[2,0],"24":[0,0],"25":[0,0],"26":[0,23]},"meta":{"lastBranch":27,"lastFunction":39,"lastStatement":116,"seen":{"s:24:6:24:Infinity":0,"s:26:69:236:Infinity":1,"f:26:69:26:70":0,"s:27:24:29:Infinity":2,"f:27:49:27:Infinity":1,"s:28:8:28:Infinity":3,"b:28:19:28:60:28:60:28:64":0,"s:30:54:30:Infinity":4,"s:31:36:31:Infinity":5,"s:32:50:32:Infinity":6,"s:33:17:33:Infinity":7,"s:36:4:38:Infinity":8,"f:36:14:36:20":2,"s:37:8:37:Infinity":9,"s:41:4:73:Infinity":10,"f:41:14:41:20":3,"s:42:30:71:Infinity":11,"f:42:30:42:42":4,"b:43:12:69:Infinity:undefined:undefined:undefined:undefined":1,"s:43:12:69:Infinity":12,"s:44:34:44:Infinity":13,"b:45:16:68:Infinity:undefined:undefined:undefined:undefined":2,"s:45:16:68:Infinity":14,"b:45:20:45:33:45:33:45:55":3,"s:47:50:47:Infinity":15,"b:47:61:47:102:47:102:47:106":4,"s:49:35:49:Infinity":16,"s:52:20:52:Infinity":17,"f:52:38:52:46":5,"s:52:46:52:71":18,"s:55:20:65:Infinity":19,"f:55:38:55:46":6,"s:56:41:56:Infinity":20,"b:57:24:64:Infinity:62:31:64:Infinity":5,"s:57:24:64:Infinity":21,"s:58:28:61:Infinity":22,"s:63:28:63:Infinity":23,"s:67:20:67:Infinity":24,"s:70:12:70:Infinity":25,"s:72:8:72:Infinity":26,"s:77:4:81:Infinity":27,"f:77:14:77:20":7,"b:78:8:80:Infinity:undefined:undefined:undefined:undefined":6,"s:78:8:80:Infinity":28,"b:78:12:78:20:78:20:78:39":7,"s:79:12:79:Infinity":29,"s:84:4:87:Infinity":30,"f:84:14:84:20":8,"s:85:24:85:Infinity":31,"f:85:33:85:41":9,"s:85:41:85:48":32,"s:86:8:86:Infinity":33,"f:86:31:86:39":10,"s:86:39:86:78":34,"f:86:51:86:57":11,"s:86:57:86:77":35,"s:89:10:89:Infinity":36,"f:89:30:89:36":12,"s:89:36:89:92":37,"f:89:48:89:49":13,"s:89:65:89:88":38,"s:91:10:93:Infinity":39,"f:91:34:91:Infinity":14,"s:92:8:92:Infinity":40,"f:92:20:92:28":15,"s:92:28:92:65":41,"s:95:10:166:Infinity":42,"f:95:34:95:41":16,"b:95:72:95:75":8,"s:97:31:97:Infinity":43,"f:97:41:97:49":17,"s:97:49:97:68":44,"s:98:36:98:Infinity":45,"b:98:36:98:64:98:64:98:Infinity":9,"s:99:36:99:Infinity":46,"s:102:27:102:Infinity":47,"b:104:8:129:Infinity:undefined:undefined:undefined:undefined":10,"s:104:8:129:Infinity":48,"b:105:12:127:Infinity:112:12:127:Infinity":11,"s:105:12:127:Infinity":49,"s:106:16:111:Infinity":50,"b:112:12:127:Infinity:119:19:127:Infinity":12,"s:112:12:127:Infinity":51,"s:113:16:118:Infinity":52,"s:120:40:120:Infinity":53,"s:121:16:126:Infinity":54,"s:128:12:128:Infinity":55,"s:132:8:140:Infinity":56,"f:132:16:132:24":18,"s:133:29:133:Infinity":57,"f:133:39:133:47":19,"s:133:47:133:66":58,"b:134:12:138:Infinity:undefined:undefined:undefined:undefined":13,"s:134:12:138:Infinity":59,"s:135:16:137:Infinity":60,"f:135:32:135:Infinity":20,"s:136:20:136:Infinity":61,"b:136:42:136:92:136:92:136:Infinity":14,"s:139:12:139:Infinity":62,"b:143:8:152:Infinity:undefined:undefined:undefined:undefined":15,"s:143:8:152:Infinity":63,"s:144:29:144:Infinity":64,"b:145:12:151:Infinity:undefined:undefined:undefined:undefined":16,"s:145:12:151:Infinity":65,"s:146:29:146:Infinity":66,"s:147:31:147:Infinity":67,"s:148:16:150:Infinity":68,"s:155:8:155:Infinity":69,"f:155:31:155:39":21,"s:155:39:155:89":70,"b:155:64:155:71:155:71:155:89":17,"s:157:8:162:Infinity":71,"s:165:8:165:Infinity":72,"s:168:10:170:Infinity":73,"f:168:39:168:40":22,"s:169:8:169:Infinity":74,"f:169:16:169:24":23,"s:169:24:169:59":75,"f:169:36:169:44":24,"s:169:44:169:58":76,"s:172:10:196:Infinity":77,"f:172:39:172:46":25,"b:174:8:191:Infinity:undefined:undefined:undefined:undefined":18,"s:174:8:191:Infinity":78,"s:175:25:175:Infinity":79,"f:175:35:175:40":26,"s:175:40:175:51":80,"b:176:12:190:Infinity:undefined:undefined:undefined:undefined":19,"s:176:12:190:Infinity":81,"s:177:36:177:Infinity":82,"s:178:35:178:Infinity":83,"b:180:16:189:Infinity:undefined:undefined:undefined:undefined":20,"s:180:16:189:Infinity":84,"b:181:20:187:Infinity:183:20:187:Infinity":21,"s:181:20:187:Infinity":85,"s:182:24:182:Infinity":86,"b:183:20:187:Infinity:185:27:187:Infinity":22,"s:183:20:187:Infinity":87,"s:184:24:184:Infinity":88,"s:186:24:186:Infinity":89,"s:188:20:188:Infinity":90,"s:193:8:195:Infinity":91,"f:193:16:193:24":27,"s:193:24:195:9":92,"f:193:33:193:Infinity":28,"s:194:12:194:Infinity":93,"b:194:29:194:89:194:89:194:Infinity":23,"s:199:10:202:Infinity":94,"f:199:34:199:40":29,"s:200:8:200:Infinity":95,"s:201:8:201:Infinity":96,"s:204:10:207:Infinity":97,"f:204:43:204:49":30,"s:205:8:205:Infinity":98,"f:205:16:205:24":31,"s:205:24:205:83":99,"f:205:36:205:44":32,"s:205:44:205:82":100,"s:206:8:206:Infinity":101,"s:209:10:213:Infinity":102,"f:209:40:209:41":33,"s:210:8:212:Infinity":103,"f:210:31:210:Infinity":34,"s:211:12:211:Infinity":104,"b:211:32:211:61:211:61:211:Infinity":24,"f:211:44:211:49":35,"s:211:49:211:57":105,"s:215:10:217:Infinity":106,"f:215:34:215:35":36,"s:216:8:216:Infinity":107,"b:216:43:216:65:216:65:216:67":25,"f:216:52:216:57":37,"s:216:57:216:61":108,"s:219:18:233:Infinity":109,"s:235:4:235:Infinity":110,"s:238:23:244:Infinity":111,"f:238:23:238:29":38,"s:239:10:239:Infinity":112,"b:240:4:242:Infinity:undefined:undefined:undefined:undefined":26,"s:240:4:242:Infinity":113,"s:241:8:241:Infinity":114,"s:243:4:243:Infinity":115}}}
,"C:\\Users\\leuti\\Desktop\\GitHub\\Digi\\DigiBook\\src\\shared\\components\\ui\\Pagination.tsx": {"path":"C:\\Users\\leuti\\Desktop\\GitHub\\Digi\\DigiBook\\src\\shared\\components\\ui\\Pagination.tsx","statementMap":{"0":{"start":{"line":11,"column":46},"end":{"line":102,"column":null}},"1":{"start":{"line":12,"column":21},"end":{"line":12,"column":null}},"2":{"start":{"line":14,"column":19},"end":{"line":45,"column":null}},"3":{"start":{"line":15,"column":39},"end":{"line":15,"column":null}},"4":{"start":{"line":16,"column":18},"end":{"line":16,"column":null}},"5":{"start":{"line":18,"column":4},"end":{"line":23,"column":null}},"6":{"start":{"line":19,"column":6},"end":{"line":21,"column":null}},"7":{"start":{"line":19,"column":19},"end":{"line":19,"column":22}},"8":{"start":{"line":20,"column":8},"end":{"line":20,"column":null}},"9":{"start":{"line":22,"column":6},"end":{"line":22,"column":null}},"10":{"start":{"line":25,"column":4},"end":{"line":25,"column":null}},"11":{"start":{"line":27,"column":4},"end":{"line":29,"column":null}},"12":{"start":{"line":28,"column":6},"end":{"line":28,"column":null}},"13":{"start":{"line":31,"column":18},"end":{"line":31,"column":null}},"14":{"start":{"line":32,"column":16},"end":{"line":32,"column":null}},"15":{"start":{"line":34,"column":4},"end":{"line":36,"column":null}},"16":{"start":{"line":34,"column":17},"end":{"line":34,"column":24}},"17":{"start":{"line":35,"column":6},"end":{"line":35,"column":null}},"18":{"start":{"line":38,"column":4},"end":{"line":40,"column":null}},"19":{"start":{"line":39,"column":6},"end":{"line":39,"column":null}},"20":{"start":{"line":42,"column":4},"end":{"line":42,"column":null}},"21":{"start":{"line":44,"column":4},"end":{"line":44,"column":null}},"22":{"start":{"line":47,"column":2},"end":{"line":100,"column":null}},"23":{"start":{"line":54,"column":25},"end":{"line":54,"column":null}},"24":{"start":{"line":67,"column":12},"end":{"line":83,"column":null}},"25":{"start":{"line":70,"column":31},"end":{"line":70,"column":null}},"26":{"start":{"line":89,"column":25},"end":{"line":89,"column":null}}},"fnMap":{"0":{"name":"(anonymous_0)","decl":{"start":{"line":11,"column":46},"end":{"line":11,"column":47}},"loc":{"start":{"line":11,"column":110},"end":{"line":102,"column":null}},"line":11},"1":{"name":"(anonymous_1)","decl":{"start":{"line":14,"column":19},"end":{"line":14,"column":25}},"loc":{"start":{"line":14,"column":25},"end":{"line":45,"column":null}},"line":14},"2":{"name":"(anonymous_2)","decl":{"start":{"line":54,"column":19},"end":{"line":54,"column":25}},"loc":{"start":{"line":54,"column":25},"end":{"line":54,"column":null}},"line":54},"3":{"name":"(anonymous_3)","decl":{"start":{"line":66,"column":26},"end":{"line":66,"column":27}},"loc":{"start":{"line":67,"column":12},"end":{"line":83,"column":null}},"line":67},"4":{"name":"(anonymous_4)","decl":{"start":{"line":70,"column":25},"end":{"line":70,"column":31}},"loc":{"start":{"line":70,"column":31},"end":{"line":70,"column":null}},"line":70},"5":{"name":"(anonymous_5)","decl":{"start":{"line":89,"column":19},"end":{"line":89,"column":25}},"loc":{"start":{"line":89,"column":25},"end":{"line":89,"column":null}},"line":89}},"branchMap":{"0":{"loc":{"start":{"line":11,"column":88},"end":{"line":11,"column":104}},"type":"default-arg","locations":[{"start":{"line":11,"column":96},"end":{"line":11,"column":104}}],"line":11},"1":{"loc":{"start":{"line":18,"column":4},"end":{"line":23,"column":null}},"type":"if","locations":[{"start":{"line":18,"column":4},"end":{"line":23,"column":null}},{"start":{},"end":{}}],"line":18},"2":{"loc":{"start":{"line":27,"column":4},"end":{"line":29,"column":null}},"type":"if","locations":[{"start":{"line":27,"column":4},"end":{"line":29,"column":null}},{"start":{},"end":{}}],"line":27},"3":{"loc":{"start":{"line":38,"column":4},"end":{"line":40,"column":null}},"type":"if","locations":[{"start":{"line":38,"column":4},"end":{"line":40,"column":null}},{"start":{},"end":{}}],"line":38},"4":{"loc":{"start":{"line":49,"column":136},"end":{"line":51,"column":null}},"type":"cond-expr","locations":[{"start":{"line":50,"column":12},"end":{"line":50,"column":null}},{"start":{"line":51,"column":12},"end":{"line":51,"column":null}}],"line":49},"5":{"loc":{"start":{"line":56,"column":163},"end":{"line":58,"column":null}},"type":"cond-expr","locations":[{"start":{"line":57,"column":16},"end":{"line":57,"column":null}},{"start":{"line":58,"column":16},"end":{"line":58,"column":null}}],"line":56},"6":{"loc":{"start":{"line":67,"column":12},"end":{"line":83,"column":null}},"type":"cond-expr","locations":[{"start":{"line":68,"column":14},"end":{"line":79,"column":null}},{"start":{"line":81,"column":14},"end":{"line":83,"column":null}}],"line":67},"7":{"loc":{"start":{"line":71,"column":134},"end":{"line":75,"column":null}},"type":"cond-expr","locations":[{"start":{"line":72,"column":23},"end":{"line":72,"column":null}},{"start":{"line":73,"column":23},"end":{"line":75,"column":null}}],"line":71},"8":{"loc":{"start":{"line":72,"column":23},"end":{"line":72,"column":null}},"type":"cond-expr","locations":[{"start":{"line":72,"column":36},"end":{"line":72,"column":105}},{"start":{"line":72,"column":105},"end":{"line":72,"column":null}}],"line":72},"9":{"loc":{"start":{"line":73,"column":23},"end":{"line":75,"column":null}},"type":"cond-expr","locations":[{"start":{"line":74,"column":24},"end":{"line":74,"column":null}},{"start":{"line":75,"column":24},"end":{"line":75,"column":null}}],"line":73},"10":{"loc":{"start":{"line":81,"column":99},"end":{"line":81,"column":147}},"type":"cond-expr","locations":[{"start":{"line":81,"column":112},"end":{"line":81,"column":131}},{"start":{"line":81,"column":131},"end":{"line":81,"column":147}}],"line":81},"11":{"loc":{"start":{"line":91,"column":163},"end":{"line":93,"column":null}},"type":"cond-expr","locations":[{"start":{"line":92,"column":16},"end":{"line":92,"column":null}},{"start":{"line":93,"column":16},"end":{"line":93,"column":null}}],"line":91}},"s":{"0":1,"1":8,"2":8,"3":8,"4":8,"5":8,"6":6,"7":6,"8":30,"9":6,"10":2,"11":2,"12":1,"13":2,"14":2,"15":2,"16":2,"17":4,"18":2,"19":2,"20":2,"21":2,"22":8,"23":1,"24":41,"25":1,"26":1},"f":{"0":8,"1":8,"2":1,"3":41,"4":1,"5":1},"b":{"0":[8],"1":[6,2],"2":[1,1],"3":[2,0],"4":[0,8],"5":[0,8],"6":[38,3],"7":[8,30],"8":[0,8],"9":[0,30],"10":[0,3],"11":[0,8]},"meta":{"lastBranch":12,"lastFunction":6,"lastStatement":27,"seen":{"s:11:46:102:Infinity":0,"f:11:46:11:47":0,"b:11:96:11:104":0,"s:12:21:12:Infinity":1,"s:14:19:45:Infinity":2,"f:14:19:14:25":1,"s:15:39:15:Infinity":3,"s:16:18:16:Infinity":4,"b:18:4:23:Infinity:undefined:undefined:undefined:undefined":1,"s:18:4:23:Infinity":5,"s:19:6:21:Infinity":6,"s:19:19:19:22":7,"s:20:8:20:Infinity":8,"s:22:6:22:Infinity":9,"s:25:4:25:Infinity":10,"b:27:4:29:Infinity:undefined:undefined:undefined:undefined":2,"s:27:4:29:Infinity":11,"s:28:6:28:Infinity":12,"s:31:18:31:Infinity":13,"s:32:16:32:Infinity":14,"s:34:4:36:Infinity":15,"s:34:17:34:24":16,"s:35:6:35:Infinity":17,"b:38:4:40:Infinity:undefined:undefined:undefined:undefined":3,"s:38:4:40:Infinity":18,"s:39:6:39:Infinity":19,"s:42:4:42:Infinity":20,"s:44:4:44:Infinity":21,"s:47:2:100:Infinity":22,"b:50:12:50:Infinity:51:12:51:Infinity":4,"f:54:19:54:25":2,"s:54:25:54:Infinity":23,"b:57:16:57:Infinity:58:16:58:Infinity":5,"f:66:26:66:27":3,"s:67:12:83:Infinity":24,"b:68:14:79:Infinity:81:14:83:Infinity":6,"f:70:25:70:31":4,"s:70:31:70:Infinity":25,"b:72:23:72:Infinity:73:23:75:Infinity":7,"b:72:36:72:105:72:105:72:Infinity":8,"b:74:24:74:Infinity:75:24:75:Infinity":9,"b:81:112:81:131:81:131:81:147":10,"f:89:19:89:25":5,"s:89:25:89:Infinity":26,"b:92:16:92:Infinity:93:16:93:Infinity":11}}}
,"C:\\Users\\leuti\\Desktop\\GitHub\\Digi\\DigiBook\\src\\shared\\utils\\format.ts": {"path":"C:\\Users\\leuti\\Desktop\\GitHub\\Digi\\DigiBook\\src\\shared\\utils\\format.ts","statementMap":{"0":{"start":{"line":1,"column":27},"end":{"line":3,"column":null}},"1":{"start":{"line":2,"column":4},"end":{"line":2,"column":null}},"2":{"start":{"line":5,"column":26},"end":{"line":21,"column":null}},"3":{"start":{"line":6,"column":2},"end":{"line":6,"column":null}},"4":{"start":{"line":6,"column":13},"end":{"line":6,"column":null}},"5":{"start":{"line":9,"column":2},"end":{"line":11,"column":null}},"6":{"start":{"line":10,"column":4},"end":{"line":10,"column":null}},"7":{"start":{"line":14,"column":2},"end":{"line":16,"column":null}},"8":{"start":{"line":15,"column":4},"end":{"line":15,"column":null}},"9":{"start":{"line":19,"column":12},"end":{"line":19,"column":null}},"10":{"start":{"line":20,"column":2},"end":{"line":20,"column":null}},"11":{"start":{"line":23,"column":30},"end":{"line":42,"column":null}},"12":{"start":{"line":24,"column":2},"end":{"line":24,"column":null}},"13":{"start":{"line":24,"column":13},"end":{"line":24,"column":null}},"14":{"start":{"line":27,"column":2},"end":{"line":33,"column":null}},"15":{"start":{"line":28,"column":4},"end":{"line":28,"column":null}},"16":{"start":{"line":29,"column":2},"end":{"line":33,"column":null}},"17":{"start":{"line":30,"column":4},"end":{"line":30,"column":null}},"18":{"start":{"line":32,"column":4},"end":{"line":32,"column":null}},"19":{"start":{"line":35,"column":2},"end":{"line":41,"column":null}},"20":{"start":{"line":44,"column":26},"end":{"line":60,"column":null}},"21":{"start":{"line":45,"column":2},"end":{"line":45,"column":null}},"22":{"start":{"line":45,"column":13},"end":{"line":45,"column":null}},"23":{"start":{"line":48,"column":2},"end":{"line":54,"column":null}},"24":{"start":{"line":49,"column":4},"end":{"line":49,"column":null}},"25":{"start":{"line":50,"column":2},"end":{"line":54,"column":null}},"26":{"start":{"line":51,"column":4},"end":{"line":51,"column":null}},"27":{"start":{"line":53,"column":4},"end":{"line":53,"column":null}},"28":{"start":{"line":56,"column":2},"end":{"line":59,"column":null}}},"fnMap":{"0":{"name":"(anonymous_0)","decl":{"start":{"line":1,"column":27},"end":{"line":1,"column":28}},"loc":{"start":{"line":1,"column":46},"end":{"line":3,"column":null}},"line":1},"1":{"name":"(anonymous_1)","decl":{"start":{"line":5,"column":26},"end":{"line":5,"column":27}},"loc":{"start":{"line":5,"column":49},"end":{"line":21,"column":null}},"line":5},"2":{"name":"(anonymous_2)","decl":{"start":{"line":23,"column":30},"end":{"line":23,"column":31}},"loc":{"start":{"line":23,"column":53},"end":{"line":42,"column":null}},"line":23},"3":{"name":"(anonymous_3)","decl":{"start":{"line":44,"column":26},"end":{"line":44,"column":27}},"loc":{"start":{"line":44,"column":49},"end":{"line":60,"column":null}},"line":44}},"branchMap":{"0":{"loc":{"start":{"line":6,"column":2},"end":{"line":6,"column":null}},"type":"if","locations":[{"start":{"line":6,"column":2},"end":{"line":6,"column":null}},{"start":{},"end":{}}],"line":6},"1":{"loc":{"start":{"line":9,"column":2},"end":{"line":11,"column":null}},"type":"if","locations":[{"start":{"line":9,"column":2},"end":{"line":11,"column":null}},{"start":{},"end":{}}],"line":9},"2":{"loc":{"start":{"line":9,"column":6},"end":{"line":9,"column":56}},"type":"binary-expr","locations":[{"start":{"line":9,"column":6},"end":{"line":9,"column":21}},{"start":{"line":9,"column":21},"end":{"line":9,"column":56}}],"line":9},"3":{"loc":{"start":{"line":14,"column":2},"end":{"line":16,"column":null}},"type":"if","locations":[{"start":{"line":14,"column":2},"end":{"line":16,"column":null}},{"start":{},"end":{}}],"line":14},"4":{"loc":{"start":{"line":20,"column":9},"end":{"line":20,"column":null}},"type":"cond-expr","locations":[{"start":{"line":20,"column":30},"end":{"line":20,"column":38}},{"start":{"line":20,"column":38},"end":{"line":20,"column":null}}],"line":20},"5":{"loc":{"start":{"line":24,"column":2},"end":{"line":24,"column":null}},"type":"if","locations":[{"start":{"line":24,"column":2},"end":{"line":24,"column":null}},{"start":{},"end":{}}],"line":24},"6":{"loc":{"start":{"line":27,"column":2},"end":{"line":33,"column":null}},"type":"if","locations":[{"start":{"line":27,"column":2},"end":{"line":33,"column":null}},{"start":{"line":29,"column":2},"end":{"line":33,"column":null}}],"line":27},"7":{"loc":{"start":{"line":27,"column":6},"end":{"line":27,"column":56}},"type":"binary-expr","locations":[{"start":{"line":27,"column":6},"end":{"line":27,"column":21}},{"start":{"line":27,"column":21},"end":{"line":27,"column":56}}],"line":27},"8":{"loc":{"start":{"line":29,"column":2},"end":{"line":33,"column":null}},"type":"if","locations":[{"start":{"line":29,"column":2},"end":{"line":33,"column":null}},{"start":{"line":31,"column":9},"end":{"line":33,"column":null}}],"line":29},"9":{"loc":{"start":{"line":35,"column":9},"end":{"line":41,"column":null}},"type":"cond-expr","locations":[{"start":{"line":35,"column":30},"end":{"line":35,"column":38}},{"start":{"line":35,"column":38},"end":{"line":41,"column":null}}],"line":35},"10":{"loc":{"start":{"line":45,"column":2},"end":{"line":45,"column":null}},"type":"if","locations":[{"start":{"line":45,"column":2},"end":{"line":45,"column":null}},{"start":{},"end":{}}],"line":45},"11":{"loc":{"start":{"line":48,"column":2},"end":{"line":54,"column":null}},"type":"if","locations":[{"start":{"line":48,"column":2},"end":{"line":54,"column":null}},{"start":{"line":50,"column":2},"end":{"line":54,"column":null}}],"line":48},"12":{"loc":{"start":{"line":48,"column":6},"end":{"line":48,"column":56}},"type":"binary-expr","locations":[{"start":{"line":48,"column":6},"end":{"line":48,"column":21}},{"start":{"line":48,"column":21},"end":{"line":48,"column":56}}],"line":48},"13":{"loc":{"start":{"line":50,"column":2},"end":{"line":54,"column":null}},"type":"if","locations":[{"start":{"line":50,"column":2},"end":{"line":54,"column":null}},{"start":{"line":52,"column":9},"end":{"line":54,"column":null}}],"line":50},"14":{"loc":{"start":{"line":56,"column":9},"end":{"line":59,"column":null}},"type":"cond-expr","locations":[{"start":{"line":56,"column":30},"end":{"line":56,"column":38}},{"start":{"line":56,"column":38},"end":{"line":59,"column":null}}],"line":56}},"s":{"0":1,"1":3,"2":1,"3":0,"4":0,"5":0,"6":0,"7":0,"8":0,"9":0,"10":0,"11":1,"12":0,"13":0,"14":0,"15":0,"16":0,"17":0,"18":0,"19":0,"20":1,"21":0,"22":0,"23":0,"24":0,"25":0,"26":0,"27":0,"28":0},"f":{"0":3,"1":0,"2":0,"3":0},"b":{"0":[0,0],"1":[0,0],"2":[0,0],"3":[0,0],"4":[0,0],"5":[0,0],"6":[0,0],"7":[0,0],"8":[0,0],"9":[0,0],"10":[0,0],"11":[0,0],"12":[0,0],"13":[0,0],"14":[0,0]},"meta":{"lastBranch":15,"lastFunction":4,"lastStatement":29,"seen":{"s:1:27:3:Infinity":0,"f:1:27:1:28":0,"s:2:4:2:Infinity":1,"s:5:26:21:Infinity":2,"f:5:26:5:27":1,"b:6:2:6:Infinity:undefined:undefined:undefined:undefined":0,"s:6:2:6:Infinity":3,"s:6:13:6:Infinity":4,"b:9:2:11:Infinity:undefined:undefined:undefined:undefined":1,"s:9:2:11:Infinity":5,"b:9:6:9:21:9:21:9:56":2,"s:10:4:10:Infinity":6,"b:14:2:16:Infinity:undefined:undefined:undefined:undefined":3,"s:14:2:16:Infinity":7,"s:15:4:15:Infinity":8,"s:19:12:19:Infinity":9,"s:20:2:20:Infinity":10,"b:20:30:20:38:20:38:20:Infinity":4,"s:23:30:42:Infinity":11,"f:23:30:23:31":2,"b:24:2:24:Infinity:undefined:undefined:undefined:undefined":5,"s:24:2:24:Infinity":12,"s:24:13:24:Infinity":13,"b:27:2:33:Infinity:29:2:33:Infinity":6,"s:27:2:33:Infinity":14,"b:27:6:27:21:27:21:27:56":7,"s:28:4:28:Infinity":15,"b:29:2:33:Infinity:31:9:33:Infinity":8,"s:29:2:33:Infinity":16,"s:30:4:30:Infinity":17,"s:32:4:32:Infinity":18,"s:35:2:41:Infinity":19,"b:35:30:35:38:35:38:41:Infinity":9,"s:44:26:60:Infinity":20,"f:44:26:44:27":3,"b:45:2:45:Infinity:undefined:undefined:undefined:undefined":10,"s:45:2:45:Infinity":21,"s:45:13:45:Infinity":22,"b:48:2:54:Infinity:50:2:54:Infinity":11,"s:48:2:54:Infinity":23,"b:48:6:48:21:48:21:48:56":12,"s:49:4:49:Infinity":24,"b:50:2:54:Infinity:52:9:54:Infinity":13,"s:50:2:54:Infinity":25,"s:51:4:51:Infinity":26,"s:53:4:53:Infinity":27,"s:56:2:59:Infinity":28,"b:56:30:56:38:56:38:59:Infinity":14}}}
}
